==================== 2026-01-30T19:58:32.005612Z | 019c107c-5e2a-75c3-aae0-3a3ec39a7b35 ====================
19:58:32.009229 [info ]: Installing dbt project and profile setup
19:58:32.114593 [info ]: Info Created .vscode/extensions.json with dbt extension recommendation
19:58:32.158784 [info ]: Success Project created successfully!
19:58:32.159622 [info ]: Info Project name: jaffle_shop
19:58:32.160483 [info ]: Info Project directory: jaffle_shop
19:58:32.161412 [info ]: Info Setting up your profile...
19:58:32.174386 [info ]: Loading ~/.dbt/profiles.yml
19:58:32.211355 [info ]: Info Creating new profile...
19:58:36.060626 [info ]: No dbt_cloud.yml found - proceeding without cloud pre-population
19:58:53.774038 [info ]: Success Profile written to C:\Users\Helio\.dbt\profiles.yml
19:58:53.775817 [info ]: Validating profile inputs, adapters, and connection

19:58:53.776800 [info ]: dbt-fusion 2.0.0-preview.94
19:58:53.784554 [info ]: Started loading project
19:58:53.830298 [info ]: Loading ~/.dbt/profiles.yml
19:58:53.851390 [info ]: Finished loading project [  0.07s]
19:58:53.857393 [info ]: Started debugging
19:58:53.857803 [info ]: Debugging profile: dev
19:58:53.858103 [info ]: Debugging dbt version: 2.0.0-preview.94
19:58:53.858891 [info ]: Debugging platform: windows x86_64 (windows)
19:58:53.860942 [info ]: Debugging adapter type: bigquery (remote)
19:58:53.943357 [info ]: Debugging dependencies:
  git: OK
19:58:53.948668 [info ]: Debugging connection:
  "database": "erp-analytics",
  "schema": "staging",
  "method": "oauth",
  "dataproc_batch": null
19:58:55.655981 [debug]: Query executed on node unknown:
select 1 as id
19:58:56.671181 [info ]: Finished debugging [  2.81s]
19:58:56.672866 [error]: dbt1011: [BigQuery] googleapi: Error 403: Caller does not have required permission to use project erp-analytics. Grant the caller the roles/serviceusage.serviceUsageConsumer role, or a custom role with the serviceusage.services.use permission, by visiting https://console.developers.google.com/iam-admin/iam/project?project=erp-analytics and then retry. Propagation of the new permission may take a few minutes.
Details:
[
  {
    "@type": "type.googleapis.com/google.rpc.ErrorInfo",
    "domain": "googleapis.com",
    "metadata": {
      "consoleUrl": "https://console.developers.google.com/iam-admin/iam/project?project=erp-analytics",
      "consumer": "projects/erp-analytics",
      "containerInfo": "erp-analytics",
      "service": "bigquery.googleapis.com"
    },
    "reason": "USER_PROJECT_DENIED"
  },
  {
    "@type": "type.googleapis.com/google.rpc.LocalizedMessage",
    "locale": "en-US",
    "message": "Caller does not have required permission to use project erp-analytics. Grant the caller the roles/serviceusage.serviceUsageConsumer role, or a custom role with the serviceusage.services.use permission, by visiting https://console.developers.google.com/iam-admin/iam/project?project=erp-analytics and then retry. Propagation of the new permission may take a few minutes."
  },
  {
    "@type": "type.googleapis.com/google.rpc.Help",
    "links": [
      {
        "description": "Google developer console IAM admin",
        "url": "https://console.developers.google.com/iam-admin/iam/project?project=erp-analytics"
      }
    ]
  }
]
, forbidden
19:58:57.584498 [info ]: New version available 2.0.0-preview.104 (run `dbt system update`)
19:58:57.742552 [info ]: 
==================== Execution Summary =====================
Finished 'init' with 1 error for target 'dev' [25.7s]
==================== 2026-01-30T20:11:43.998269Z | 019c1088-73e5-79b3-ade5-443c9ad05a89 ====================
20:11:44.001978 [info ]: Installing dbt project and profile setup
20:11:44.054388 [info ]: Info Created .vscode/extensions.json with dbt extension recommendation
20:11:44.057206 [info ]: Success Project created successfully!
20:11:44.057826 [info ]: Info Project name: jaffle_shop
20:11:44.058281 [info ]: Info Project directory: jaffle_shop
20:11:44.058787 [info ]: Info Setting up your profile...
20:11:44.067169 [info ]: Loading ~/.dbt/profiles.yml
20:11:44.100676 [info ]: Profile 'jaffle_shop' already exists. You can choose how to proceed.
20:11:53.904102 [info ]: Info Editing existing profile...
20:11:55.201848 [info ]: Editing existing profile - skipping cloud config fetch
20:12:44.444476 [info ]: Info Backup created at C:\Users\Helio\.dbt\profiles.yml.bkp
20:12:44.449204 [info ]: Success Profile written to C:\Users\Helio\.dbt\profiles.yml
20:12:44.452124 [info ]: Validating profile inputs, adapters, and connection

20:12:44.453012 [info ]: dbt-fusion 2.0.0-preview.94
20:12:44.461415 [info ]: Started loading project
20:12:44.484021 [info ]: Loading ~/.dbt/profiles.yml
20:12:44.496964 [info ]: Finished loading project [  0.04s]
20:12:44.501891 [info ]: Started debugging
20:12:44.502075 [info ]: Debugging profile: dev
20:12:44.502402 [info ]: Debugging dbt version: 2.0.0-preview.94
20:12:44.502805 [info ]: Debugging platform: windows x86_64 (windows)
20:12:44.503516 [info ]: Debugging adapter type: bigquery (remote)
20:12:44.569959 [info ]: Debugging dependencies:
  git: OK
20:12:44.573250 [info ]: Debugging connection:
  "database": "erp-analytics-ae",
  "schema": "staging",
  "method": "oauth",
  "dataproc_batch": null
20:12:48.977546 [debug]: Query executed on node unknown:
select 1 as id
20:12:48.985636 [info ]: Debugging connection test: OK
20:12:48.988243 [info ]: Debugged All checks passed!
20:12:48.988964 [info ]: Finished debugging [  4.49s]
20:12:49.157120 [info ]: New version available 2.0.0-preview.104 (run `dbt system update`)
20:12:50.159668 [info ]: 
==================== Execution Summary =====================
Finished 'init' successfully for target 'dev' [1m 6s]
